<?xml version="1.0" encoding="UTF-8"?>
<testng-results ignored="0" total="1" passed="1" failed="0" skipped="0">
  <reporter-output>
  </reporter-output>
  <suite started-at="2024-06-21T17:23:43 IST" name="Default suite" finished-at="2024-06-21T17:23:43 IST" duration-ms="22">
    <groups>
    </groups>
    <test started-at="2024-06-21T17:23:43 IST" name="Default test" finished-at="2024-06-21T17:23:43 IST" duration-ms="22">
      <class name="PS1">
        <test-method is-config="true" signature="beforerun()[pri:0, instance:PS1@4e096385]" started-at="2024-06-21T17:23:43 IST" name="beforerun" finished-at="2024-06-21T17:23:43 IST" duration-ms="2" status="PASS">
          <reporter-output>
          </reporter-output>
        </test-method> <!-- beforerun -->
        <test-method signature="testRun()[pri:0, instance:PS1@4e096385]" started-at="2024-06-21T17:23:43 IST" name="testRun" finished-at="2024-06-21T17:23:43 IST" duration-ms="3" status="PASS">
          <reporter-output>
          </reporter-output>
        </test-method> <!-- testRun -->
      </class> <!-- PS1 -->
    </test> <!-- Default test -->
  </suite> <!-- Default suite -->
</testng-results>
